<?xml version="1.0" encoding="UTF-8"?>
<testng-results ignored="0" total="3" passed="3" failed="0" skipped="0">
  <reporter-output>
  </reporter-output>
  <suite started-at="2021-02-01T09:45:54 IST" name="Default suite" finished-at="2021-02-01T09:46:01 IST" duration-ms="6973">
    <groups>
    </groups>
    <test started-at="2021-02-01T09:45:54 IST" name="Default test" finished-at="2021-02-01T09:46:01 IST" duration-ms="6973">
      <class name="TestScripts.PutAndDeleteExampleClass">
        <test-method signature="DeleteTest()[pri:0, instance:TestScripts.PutAndDeleteExampleClass@15b204a1]" started-at="2021-02-01T09:45:54 IST" name="DeleteTest" finished-at="2021-02-01T09:45:59 IST" duration-ms="5132" status="PASS">
          <reporter-output>
          </reporter-output>
        </test-method> <!-- DeleteTest -->
        <test-method signature="PatchTest()[pri:0, instance:TestScripts.PutAndDeleteExampleClass@15b204a1]" started-at="2021-02-01T09:45:59 IST" name="PatchTest" finished-at="2021-02-01T09:46:00 IST" duration-ms="948" status="PASS">
          <reporter-output>
          </reporter-output>
        </test-method> <!-- PatchTest -->
        <test-method signature="PutTest()[pri:0, instance:TestScripts.PutAndDeleteExampleClass@15b204a1]" started-at="2021-02-01T09:46:00 IST" name="PutTest" finished-at="2021-02-01T09:46:01 IST" duration-ms="812" status="PASS">
          <reporter-output>
          </reporter-output>
        </test-method> <!-- PutTest -->
      </class> <!-- TestScripts.PutAndDeleteExampleClass -->
    </test> <!-- Default test -->
  </suite> <!-- Default suite -->
</testng-results>
