<?xml version="1.0" encoding="UTF-8"?>
<!-- Generated by org.testng.reporters.JUnitXMLReporter -->
<testsuite ignored="0" hostname="DESKTOP-D5LHLIR" failures="0" tests="3" name="Default test" time="6.973" errors="0" timestamp="2021-02-01T09:46:01 IST">
  <testcase classname="TestScripts.PutAndDeleteExampleClass" name="DeleteTest" time="5.132"/>
  <testcase classname="TestScripts.PutAndDeleteExampleClass" name="PatchTest" time="0.948"/>
  <testcase classname="TestScripts.PutAndDeleteExampleClass" name="PutTest" time="0.812"/>
</testsuite> <!-- Default test -->
